#
# A fatal error has been detected by the Java Runtime Environment:
#
#  EXCEPTION_ACCESS_VIOLATION (0xc0000005) at pc=0x778032a0, pid=6764, tid=6492
#
# JRE version: 6.0_45-b06
# Java VM: Java HotSpot(TM) Client VM (20.45-b01 mixed mode, sharing windows-x86 )
# Problematic frame:
# C  [ntdll.dll+0x332a0]
#
# If you would like to submit a bug report, please visit:
#   http://java.sun.com/webapps/bugreport/crash.jsp
# The crash happened outside the Java Virtual Machine in native code.
# See problematic frame for where to report the bug.
#

---------------  T H R E A D  ---------------

Current thread (0x04a9d400):  JavaThread "Thread-9" [_thread_in_native, id=6492, stack(0x05620000,0x05670000)]

siginfo: ExceptionCode=0xc0000005, reading address 0x00579f2a

Registers:
EAX=0x00100000, EBX=0x005d4118, ECX=0x00000000, EDX=0x000007ff
ESP=0x0566fa8c, EBP=0x0566fab4, ESI=0x00579f28, EDI=0x005d0000
EIP=0x778032a0, EFLAGS=0x00010246

Top of Stack: (sp=0x0566fa8c)
0x0566fa8c:   005d0000 005d4118 00000000 07010006
0x0566fa9c:   00000000 0566fa80 005d4100 0566fb9c
0x0566faac:   77847165 0093867e 0566fbac 778035a7
0x0566fabc:   005d0000 005d4118 0566fb7c 00000000
0x0566facc:   728aadf2 00000000 005d0000 005d4120
0x0566fadc:   04a9d400 0566fb58 6d907a61 00000330
0x0566faec:   001180a0 0239f3f4 005df788 005d0150
0x0566fafc:   04a9d400 005d0000 005d4890 0239f3f0 

Instructions: (pc=0x778032a0)
0x77803280:   57 8b 7d 08 0f b7 4f 54 33 c1 c1 e0 03 8b f3 2b
0x77803290:   f0 3b f3 74 17 8b 47 4c 8b c8 c1 e9 14 22 4f 52
0x778032a0:   32 4e 02 f6 c1 01 0f 84 f5 10 00 00 83 7f 4c 00
0x778032b0:   8b 45 10 8b 00 8d 34 c3 89 75 0c 74 1d 8b 06 89 


Register to memory mapping:

EAX=0x00100000 is an unknown value
EBX=0x005d4118 is an unknown value
ECX=0x00000000 is an unknown value
EDX=0x000007ff is an unknown value
ESP=0x0566fa8c is pointing into the stack for thread: 0x04a9d400
EBP=0x0566fab4 is pointing into the stack for thread: 0x04a9d400
ESI=0x00579f28 is an unknown value
EDI=0x005d0000 is an unknown value


Stack: [0x05620000,0x05670000],  sp=0x0566fa8c,  free space=318k
Native frames: (J=compiled Java code, j=interpreted, Vv=VM code, C=native code)
C  [ntdll.dll+0x332a0]  RtlImageNtHeader+0x11c
C  [ntdll.dll+0x335a7]  RtlImageNtHeader+0x423
C  [ntdll.dll+0x33492]  RtlImageNtHeader+0x30e
C  [msvcrt.dll+0x98cd]  free+0x39
C  [cLib.dll+0x1387]  Java_app_JNI_CLibrary_enumWindows+0xc7
j  app.JNI.CLibrary.enumWindows()[Ljava/lang/String;+0
j  app.JNI.EnumAllWindowNames.getWindowTitles()[Ljava/lang/String;+107
j  app.watcher.AgentWatcherThread.run()V+9
v  ~StubRoutines::call_stub
V  [jvm.dll+0xfb88b]
V  [jvm.dll+0x18d551]
V  [jvm.dll+0xfba31]
V  [jvm.dll+0xfba8b]
V  [jvm.dll+0xb5e89]
V  [jvm.dll+0x119b74]
V  [jvm.dll+0x14217c]
C  [msvcr71.dll+0x9565]  endthreadex+0xa0
C  [kernel32.dll+0x1338a]  BaseThreadInitThunk+0x12
C  [ntdll.dll+0x3bf32]  RtlInitializeExceptionChain+0x63
C  [ntdll.dll+0x3bf05]  RtlInitializeExceptionChain+0x36

Java frames: (J=compiled Java code, j=interpreted, Vv=VM code)
j  app.JNI.CLibrary.enumWindows()[Ljava/lang/String;+0
j  app.JNI.EnumAllWindowNames.getWindowTitles()[Ljava/lang/String;+107
j  app.watcher.AgentWatcherThread.run()V+9
v  ~StubRoutines::call_stub

---------------  P R O C E S S  ---------------

Java Threads: ( => current thread )
=>0x04a9d400 JavaThread "Thread-9" [_thread_in_native, id=6492, stack(0x05620000,0x05670000)]
  0x04a9d000 JavaThread "Thread-8" [_thread_blocked, id=7632, stack(0x08e00000,0x08e50000)]
  0x04a9c800 JavaThread "D3D Screen Updater" daemon [_thread_blocked, id=3188, stack(0x08310000,0x08360000)]
  0x04a9bc00 JavaThread "TimerQueue" daemon [_thread_blocked, id=6832, stack(0x078d0000,0x07920000)]
  0x04a9b800 JavaThread "Thread-6" [_thread_blocked, id=6696, stack(0x07740000,0x07790000)]
  0x04a9b000 JavaThread "Thread-5" [_thread_blocked, id=8028, stack(0x07630000,0x07680000)]
  0x04a9a800 JavaThread "Thread-4" [_thread_blocked, id=7216, stack(0x075a0000,0x075f0000)]
  0x04a69c00 JavaThread "Registry cleanup thread-1" daemon [_thread_blocked, id=6636, stack(0x074a0000,0x074f0000)]
  0x04a2a400 JavaThread "NativeSwing Auto-Shutdown" daemon [_thread_blocked, id=8152, stack(0x05e80000,0x05ed0000)]
  0x04a2a000 JavaThread "AWT-EventQueue-0" [_thread_blocked, id=7820, stack(0x05df0000,0x05e40000)]
  0x04a23400 JavaThread "AWT-Shutdown" [_thread_blocked, id=5012, stack(0x04d70000,0x04dc0000)]
  0x04a1a800 JavaThread "NativeSwing[1] Swing Receiver" daemon [_thread_in_native, id=4872, stack(0x054e0000,0x05530000)]
  0x04a18800 JavaThread "NativeSwing[1] err Stream Connector" daemon [_thread_in_native, id=3564, stack(0x05410000,0x05460000)]
  0x04a18000 JavaThread "NativeSwing[1] out Stream Connector" daemon [_thread_in_native, id=6192, stack(0x05380000,0x053d0000)]
  0x049e4c00 JavaThread "AWT-Windows" daemon [_thread_in_native, id=7600, stack(0x04f50000,0x04fa0000)]
  0x023ed800 JavaThread "Java2D Disposer" daemon [_thread_blocked, id=5764, stack(0x04cb0000,0x04d00000)]
  0x02398800 JavaThread "Low Memory Detector" daemon [_thread_blocked, id=7852, stack(0x048c0000,0x04910000)]
  0x02394400 JavaThread "C1 CompilerThread0" daemon [_thread_blocked, id=6736, stack(0x04830000,0x04880000)]
  0x02393400 JavaThread "Attach Listener" daemon [_thread_blocked, id=7236, stack(0x047a0000,0x047f0000)]
  0x02390400 JavaThread "Signal Dispatcher" daemon [_thread_blocked, id=6228, stack(0x04710000,0x04760000)]
  0x02386800 JavaThread "Finalizer" daemon [_thread_blocked, id=956, stack(0x04680000,0x046d0000)]
  0x02384c00 JavaThread "Reference Handler" daemon [_thread_blocked, id=6752, stack(0x045f0000,0x04640000)]
  0x00597400 JavaThread "main" [_thread_blocked, id=7484, stack(0x00290000,0x002e0000)]

Other Threads:
  0x02348c00 VMThread [stack: 0x04560000,0x045b0000] [id=7292]
  0x023bd000 WatcherThread [stack: 0x04950000,0x049a0000] [id=6252]

VM state:not at safepoint (normal execution)

VM Mutex/Monitor currently owned by a thread: None

Heap
 def new generation   total 4928K, used 1664K [0x27010000, 0x27560000, 0x2c560000)
  eden space 4416K,  29% used [0x27010000, 0x27150e10, 0x27460000)
  from space 512K,  74% used [0x27460000, 0x274bf510, 0x274e0000)
  to   space 512K,   0% used [0x274e0000, 0x274e0000, 0x27560000)
 tenured generation   total 10944K, used 5270K [0x2c560000, 0x2d010000, 0x37010000)
   the space 10944K,  48% used [0x2c560000, 0x2ca85a68, 0x2ca85c00, 0x2d010000)
 compacting perm gen  total 12288K, used 2894K [0x37010000, 0x37c10000, 0x3b010000)
   the space 12288K,  23% used [0x37010000, 0x372e38d0, 0x372e3a00, 0x37c10000)
    ro space 10240K,  55% used [0x3b010000, 0x3b593dd8, 0x3b593e00, 0x3ba10000)
    rw space 12288K,  55% used [0x3ba10000, 0x3c0b6cd0, 0x3c0b6e00, 0x3c610000)

Code Cache  [0x023f0000, 0x024f8000, 0x043f0000)
 total_blobs=626 nmethods=407 adapters=154 free_code_cache=32477888 largest_free_block=576

Dynamic libraries:
0x00400000 - 0x00425000 	C:\Program Files (x86)\Java\jdk1.6.0_45\bin\java.exe
0x777d0000 - 0x77950000 	C:\windows\SysWOW64\ntdll.dll
0x76b60000 - 0x76c70000 	C:\windows\syswow64\kernel32.dll
0x76a30000 - 0x76a77000 	C:\windows\syswow64\KERNELBASE.dll
0x76250000 - 0x762f0000 	C:\windows\syswow64\ADVAPI32.dll
0x76900000 - 0x769ac000 	C:\windows\syswow64\msvcrt.dll
0x76620000 - 0x76639000 	C:\windows\SysWOW64\sechost.dll
0x76150000 - 0x76240000 	C:\windows\syswow64\RPCRT4.dll
0x75170000 - 0x751d0000 	C:\windows\syswow64\SspiCli.dll
0x75160000 - 0x7516c000 	C:\windows\syswow64\CRYPTBASE.dll
0x7c340000 - 0x7c396000 	C:\Program Files (x86)\Java\jdk1.6.0_45\jre\bin\msvcr71.dll
0x6d8e0000 - 0x6db90000 	C:\Program Files (x86)\Java\jdk1.6.0_45\jre\bin\client\jvm.dll
0x751d0000 - 0x752d0000 	C:\windows\syswow64\USER32.dll
0x76430000 - 0x764c0000 	C:\windows\syswow64\GDI32.dll
0x77200000 - 0x7720a000 	C:\windows\syswow64\LPK.dll
0x76a80000 - 0x76b1d000 	C:\windows\syswow64\USP10.dll
0x72220000 - 0x72252000 	C:\windows\system32\WINMM.dll
0x769b0000 - 0x76a10000 	C:\windows\system32\IMM32.DLL
0x764d0000 - 0x7659c000 	C:\windows\syswow64\MSCTF.dll
0x734c0000 - 0x7350c000 	C:\windows\system32\apphelp.dll
0x6d890000 - 0x6d89c000 	C:\Program Files (x86)\Java\jdk1.6.0_45\jre\bin\verify.dll
0x6d3e0000 - 0x6d3ff000 	C:\Program Files (x86)\Java\jdk1.6.0_45\jre\bin\java.dll
0x6d8d0000 - 0x6d8df000 	C:\Program Files (x86)\Java\jdk1.6.0_45\jre\bin\zip.dll
0x6d0b0000 - 0x6d1fc000 	C:\Program Files (x86)\Java\jdk1.6.0_45\jre\bin\awt.dll
0x75040000 - 0x75091000 	C:\windows\system32\WINSPOOL.DRV
0x77270000 - 0x773cc000 	C:\windows\syswow64\ole32.dll
0x736f0000 - 0x7388e000 	C:\windows\WinSxS\x86_microsoft.windows.common-controls_6595b64144ccf1df_6.0.7601.17514_none_41e6975e2bd6f2b2\COMCTL32.dll
0x763b0000 - 0x76407000 	C:\windows\syswow64\SHLWAPI.dll
0x732d0000 - 0x732e3000 	C:\windows\system32\DWMAPI.DLL
0x73320000 - 0x733a0000 	C:\windows\system32\uxtheme.dll
0x72f70000 - 0x73184000 	C:\Program Files\NVIDIA Corporation\nview\nview.dll
0x75500000 - 0x7614b000 	C:\windows\syswow64\SHELL32.dll
0x76a10000 - 0x76a15000 	C:\windows\syswow64\PSAPI.DLL
0x750a0000 - 0x750a9000 	C:\windows\system32\VERSION.dll
0x735d0000 - 0x735dd000 	C:\windows\system32\WTSAPI32.dll
0x733a0000 - 0x733a5000 	C:\windows\system32\MSIMG32.dll
0x75460000 - 0x754ef000 	C:\windows\syswow64\OLEAUT32.dll
0x732f0000 - 0x73315000 	C:\windows\system32\POWRPROF.dll
0x76760000 - 0x768fd000 	C:\windows\syswow64\SETUPAPI.dll
0x76b30000 - 0x76b57000 	C:\windows\syswow64\CFGMGR32.dll
0x76410000 - 0x76422000 	C:\windows\syswow64\DEVOBJ.dll
0x74fe0000 - 0x75001000 	C:\windows\system32\ntmarta.dll
0x77210000 - 0x77255000 	C:\windows\syswow64\WLDAP32.dll
0x73470000 - 0x734b4000 	C:\Program Files\NVIDIA Corporation\nview\NVWRSENU.dll
0x6d6c0000 - 0x6d6d3000 	C:\Program Files (x86)\Java\jdk1.6.0_45\jre\bin\net.dll
0x75420000 - 0x75455000 	C:\windows\syswow64\WS2_32.dll
0x76240000 - 0x76246000 	C:\windows\syswow64\NSI.dll
0x72010000 - 0x7204c000 	C:\windows\system32\mswsock.dll
0x73c10000 - 0x73c16000 	C:\windows\System32\wship6.dll
0x72000000 - 0x72005000 	C:\windows\System32\wshtcpip.dll
0x6d2e0000 - 0x6d336000 	C:\Program Files (x86)\Java\jdk1.6.0_45\jre\bin\fontmanager.dll
0x6c010000 - 0x6c1d3000 	C:\windows\system32\d3d9.dll
0x6eac0000 - 0x6eac6000 	C:\windows\system32\d3d8thk.dll
0x0f680000 - 0x1044e000 	C:\windows\system32\nvd3dum.dll
0x77a30000 - 0x77b6a000 	C:\Program Files (x86)\NVIDIA Corporation\3D Vision\nvSCPAPI.dll
0x6d6e0000 - 0x6d6e9000 	C:\Program Files (x86)\Java\jdk1.6.0_45\jre\bin\nio.dll
0x71b80000 - 0x71b96000 	C:\windows\system32\CRYPTSP.dll
0x71b40000 - 0x71b7b000 	C:\windows\system32\rsaenh.dll
0x762f0000 - 0x76307000 	C:\windows\syswow64\USERENV.dll
0x777a0000 - 0x777ab000 	C:\windows\syswow64\profapi.dll
0x73930000 - 0x73940000 	C:\windows\system32\NLAapi.dll
0x73920000 - 0x73930000 	C:\windows\system32\napinsp.dll
0x73900000 - 0x73912000 	C:\windows\system32\pnrpnsp.dll
0x73bc0000 - 0x73c04000 	C:\windows\system32\DNSAPI.dll
0x738f0000 - 0x738f8000 	C:\windows\System32\winrnr.dll
0x738e0000 - 0x738ed000 	C:\windows\system32\wshbth.dll
0x73b90000 - 0x73bb1000 	C:\Program Files (x86)\Bonjour\mdnsNSP.dll
0x728e0000 - 0x728fc000 	C:\windows\system32\Iphlpapi.DLL
0x728d0000 - 0x728d7000 	C:\windows\system32\WINNSI.DLL
0x73c20000 - 0x73c26000 	C:\windows\system32\rasadhlp.dll
0x73b50000 - 0x73b88000 	C:\windows\System32\fwpuclnt.dll
0x6d410000 - 0x6d416000 	C:\Program Files (x86)\Java\jdk1.6.0_45\jre\bin\jawt.dll
0x05f50000 - 0x05f5e000 	C:\Users\haywoosd\.swt\lib\win32\x86\swt-awt-win32-4427.dll
0x63740000 - 0x63761000 	C:\Users\haywoosd\Documents\NetBeansProjects\cLib\dist\cLib.dll

VM Arguments:
jvm_args: -Dfile.encoding=UTF-8 
java_command: app.main bears
Launcher Type: SUN_STANDARD

Environment Variables:
CLASSPATH=.;C:\Program Files (x86)\Java\jre7\lib\ext\QTJava.zip
PATH=C:\ProgramData\Oracle\Java\javapath;C:\Program Files (x86)\NVIDIA Corporation\PhysX\Common;C:\windows\system32;C:\windows;C:\windows\System32\Wbem;C:\windows\System32\WindowsPowerShell\v1.0\;C:\Program Files\VanDyke Software\Clients\;C:\Program Files\MATLAB\R2012a\runtime\win64;C:\Program Files\MATLAB\R2012a\bin;C:\Program Files (x86)\Microsoft SQL Server\100\Tools\Binn\;C:\Program Files (x86)\Microsoft SQL Server\100\DTS\Binn\;C:\MinGW\bin;C:\Program Files\TortoiseSVN\bin;C:\Program Files (x86)\QuickTime\QTSystem\;C:\Program Files (x86)\Common Files\Ulead Systems\MPEG;C:\MinGW\bin;C:\MinGW\msys\1.0\bin;C:\Qt\4.8.5\bin;C:\Program Files (x86)\Microsoft SQL Server\80\Tools\Binn\;C:\Program Files\Microsoft SQL Server\110\Tools\Binn\;C:\Program Files (x86)\Common Files\AspenTech Shared\;C:\Program Files (x86)\MPICH2\bin\;C:\Program Files (x86)\Intel\OpenCL SDK\2.0\bin\x86;C:\Program Files (x86)\Intel\OpenCL SDK\2.0\bin\x64;C:\Program Files\Intel\WiFi\bin\;C:\Program Files\Common Files\Intel\WirelessCommon\;C:\Program Files\Intel\WiFi\bin\;C:\Program Files\Common Files\Intel\WirelessCommon\;C:\MinGW\bin;C:\MinGW\msys\1.0\bin
USERNAME=haywoosd
OS=Windows_NT
PROCESSOR_IDENTIFIER=Intel64 Family 6 Model 58 Stepping 9, GenuineIntel



---------------  S Y S T E M  ---------------

OS: Windows 7 , 64 bit Build 7601 Service Pack 1

CPU:total 8 (4 cores per cpu, 2 threads per core) family 6 model 58 stepping 9, cmov, cx8, fxsr, mmx, sse, sse2, sse3, ssse3, sse4.1, sse4.2, popcnt, ht

Memory: 4k page, physical 7997164k(3906056k free), swap 15992468k(11585276k free)

vm_info: Java HotSpot(TM) Client VM (20.45-b01) for windows-x86 JRE (1.6.0_45-b06), built on Mar 26 2013 13:40:03 by "java_re" with MS VC++ 7.1 (VS2003)

time: Thu Jan 29 18:51:23 2015
elapsed time: 21 seconds

